. 2018-03-23 17:10:05.394 --------------------------------------------------------------------------
. 2018-03-23 17:10:05.395 WinSCP Version 5.13 (Compilation 8172) (OS 10.0.15063 - Windows 10 Pro)
. 2018-03-23 17:10:05.395 Configuration: HKCU\Software\Martin Prikryl\WinSCP 2\
. 2018-03-23 17:10:05.395 Log level: Normal
. 2018-03-23 17:10:05.396 Local account: PMI01716\Utilisateur
. 2018-03-23 17:10:05.396 Working directory: C:\Users\Utilisateur\Documents\TLT\I&S\bin
. 2018-03-23 17:10:05.396 Process ID: 14728
. 2018-03-23 17:10:05.396 Command-line: "C:\Program Files (x86)\WinSCP\WinSCP.exe" /console=5.13.0 /consoleinstance=_12480_133 "/log=debug.log" 
. 2018-03-23 17:10:05.396 Time zone: Current: GMT+1, Standard: GMT+1 (Paris, Madrid), DST: GMT+2 (Paris, Madrid (heure d’été)), DST Start: 25/03/2018, DST End: 28/10/2018
. 2018-03-23 17:10:05.400 Login time: vendredi 23 mars 2018 17:10:05
. 2018-03-23 17:10:05.400 --------------------------------------------------------------------------
. 2018-03-23 17:10:05.400 Script: Retrospectively logging previous script records:
> 2018-03-23 17:10:05.400 Script: open sftp://gmetais:***@rebond.tlt
. 2018-03-23 17:10:05.400 --------------------------------------------------------------------------
. 2018-03-23 17:10:05.400 Session name: gmetais@rebond.tlt (Ad-Hoc site)
. 2018-03-23 17:10:05.401 Host name: rebond.tlt (Port: 22)
. 2018-03-23 17:10:05.401 User name: gmetais (Password: Yes, Key file: No, Passphrase: No)
. 2018-03-23 17:10:05.401 Tunnel: No
. 2018-03-23 17:10:05.401 Transfer Protocol: SFTP
. 2018-03-23 17:10:05.401 Ping type: Off, Ping interval: 30 sec; Timeout: 15 sec
. 2018-03-23 17:10:05.401 Disable Nagle: No
. 2018-03-23 17:10:05.401 Proxy: None
. 2018-03-23 17:10:05.401 Send buffer: 262144
. 2018-03-23 17:10:05.401 SSH protocol version: 2; Compression: No
. 2018-03-23 17:10:05.401 Bypass authentication: No
. 2018-03-23 17:10:05.401 Try agent: Yes; Agent forwarding: No; TIS/CryptoCard: No; KI: Yes; GSSAPI: Yes
. 2018-03-23 17:10:05.401 GSSAPI: Forwarding: No; Libs: gssapi32,sspi,custom; Custom: 
. 2018-03-23 17:10:05.401 Ciphers: aes,chacha20,blowfish,3des,WARN,arcfour,des; Ssh2DES: No
. 2018-03-23 17:10:05.401 KEX: ecdh,dh-gex-sha1,dh-group14-sha1,rsa,WARN,dh-group1-sha1
. 2018-03-23 17:10:05.401 SSH Bugs: Auto,Auto,Auto,Auto,Auto,Auto,Auto,Auto,Auto,Auto,Auto,Auto,Auto
. 2018-03-23 17:10:05.401 Simple channel: Yes
. 2018-03-23 17:10:05.401 Return code variable: Autodetect; Lookup user groups: Auto
. 2018-03-23 17:10:05.401 Shell: default
. 2018-03-23 17:10:05.401 EOL: LF, UTF: Auto
. 2018-03-23 17:10:05.401 Clear aliases: Yes, Unset nat.vars: Yes, Resolve symlinks: Yes; Follow directory symlinks: No
. 2018-03-23 17:10:05.401 LS: ls -la, Ign LS warn: Yes, Scp1 Comp: No
. 2018-03-23 17:10:05.401 SFTP Bugs: Auto,Auto
. 2018-03-23 17:10:05.402 SFTP Server: default
. 2018-03-23 17:10:05.402 Local directory: default, Remote directory: home, Update: Yes, Cache: Yes
. 2018-03-23 17:10:05.402 Cache directory changes: Yes, Permanent: Yes
. 2018-03-23 17:10:05.402 Recycle bin: Delete to: No, Overwritten to: No, Bin path: 
. 2018-03-23 17:10:05.402 DST mode: Unix
. 2018-03-23 17:10:05.402 --------------------------------------------------------------------------
. 2018-03-23 17:10:05.403 Looking up host "rebond.tlt" for SSH connection
. 2018-03-23 17:10:05.415 Connecting to 10.34.52.28 port 22
. 2018-03-23 17:10:05.417 We claim version: SSH-2.0-WinSCP_release_5.13
. 2018-03-23 17:10:05.423 Server version: SSH-2.0-OpenSSH_5.3
. 2018-03-23 17:10:05.424 We believe remote version has SSH-2 channel request bug
. 2018-03-23 17:10:05.424 Using SSH protocol version 2
. 2018-03-23 17:10:05.424 Have a known host key of type rsa2
. 2018-03-23 17:10:05.426 Doing Diffie-Hellman group exchange
. 2018-03-23 17:10:05.429 Doing Diffie-Hellman key exchange with hash SHA-256
. 2018-03-23 17:10:05.997 Server also has ssh-dss host key, but we don't know it
. 2018-03-23 17:10:05.997 Host key fingerprint is:
. 2018-03-23 17:10:05.997 ssh-rsa 2048 0c:40:b4:7a:5c:ea:95:58:fc:7d:95:9c:3a:83:8b:d4 BnPkO62piI9OLsBDGbJ6qXTQiju9hrldbnQSVhgp2wI=
. 2018-03-23 17:10:05.998 Host key matches cached key
. 2018-03-23 17:10:05.998 Initialised AES-256 SDCTR client->server encryption
. 2018-03-23 17:10:05.998 Initialised HMAC-SHA-256 client->server MAC algorithm
. 2018-03-23 17:10:05.998 Initialised AES-256 SDCTR server->client encryption
. 2018-03-23 17:10:05.998 Initialised HMAC-SHA-256 server->client MAC algorithm
! 2018-03-23 17:10:06.045 Using username "gmetais".
. 2018-03-23 17:10:06.084 Server offered these authentication methods: publickey,gssapi-keyex,gssapi-with-mic,password
. 2018-03-23 17:10:06.084 Using SSPI from SECUR32.DLL
. 2018-03-23 17:10:06.084 Attempting GSSAPI authentication
. 2018-03-23 17:10:06.087 GSSAPI authentication request refused
. 2018-03-23 17:10:06.087 Server offered these authentication methods: publickey,gssapi-keyex,gssapi-with-mic,password
. 2018-03-23 17:10:06.087 Prompt (password, "SSH password", <no instructions>, "Mot de passe :")
. 2018-03-23 17:10:06.087 Using stored password.
. 2018-03-23 17:10:06.088 Sent password
. 2018-03-23 17:10:06.163 Access granted
. 2018-03-23 17:10:06.163 Opening session as main channel
. 2018-03-23 17:10:06.232 Opened main channel
. 2018-03-23 17:10:06.238 Started a shell/command
. 2018-03-23 17:10:06.238 --------------------------------------------------------------------------
. 2018-03-23 17:10:06.238 Using SFTP protocol.
. 2018-03-23 17:10:06.238 Doing startup conversation with host.
> 2018-03-23 17:10:06.240 Type: SSH_FXP_INIT, Size: 5, Number: -1
< 2018-03-23 17:10:06.252 Type: SSH_FXP_VERSION, Size: 95, Number: -1
. 2018-03-23 17:10:06.252 SFTP version 3 negotiated.
. 2018-03-23 17:10:06.252 Unknown server extension posix-rename@openssh.com="1"
. 2018-03-23 17:10:06.252 Supports statvfs@openssh.com extension version "2"
. 2018-03-23 17:10:06.252 Unknown server extension fstatvfs@openssh.com="2"
. 2018-03-23 17:10:06.252 We believe the server has signed timestamps bug
. 2018-03-23 17:10:06.252 We will use UTF-8 strings until server sends an invalid UTF-8 string as with SFTP version 3 and older UTF-8 strings are not mandatory
. 2018-03-23 17:10:06.252 Limiting packet size to OpenSSH sftp-server limit of 262148 bytes
. 2018-03-23 17:10:06.252 Getting current directory name.
. 2018-03-23 17:10:06.252 Getting real path for '.'
> 2018-03-23 17:10:06.252 Type: SSH_FXP_REALPATH, Size: 10, Number: 16
< 2018-03-23 17:10:06.255 Type: SSH_FXP_NAME, Size: 47, Number: 16
. 2018-03-23 17:10:06.255 Real path is '/home/gmetais'
. 2018-03-23 17:10:06.255 Startup conversation with host finished.
< 2018-03-23 17:10:06.255 Script: Session active : [1] gmetais@rebond.tlt
> 2018-03-23 17:10:20.097 Script: ls
. 2018-03-23 17:10:20.098 Listing directory "/home/gmetais".
> 2018-03-23 17:10:20.098 Type: SSH_FXP_OPENDIR, Size: 22, Number: 267
< 2018-03-23 17:10:20.100 Type: SSH_FXP_HANDLE, Size: 13, Number: 267
> 2018-03-23 17:10:20.100 Type: SSH_FXP_READDIR, Size: 13, Number: 524
< 2018-03-23 17:10:20.103 Type: SSH_FXP_NAME, Size: 1633, Number: 524
> 2018-03-23 17:10:20.103 Type: SSH_FXP_READDIR, Size: 13, Number: 780
< 2018-03-23 17:10:20.105 Type: SSH_FXP_STATUS, Size: 28, Number: 780
< 2018-03-23 17:10:20.105 Status code: 1
> 2018-03-23 17:10:20.105 Type: SSH_FXP_CLOSE, Size: 13, Number: 1028
. 2018-03-23 17:10:20.105 .bashrc;-;124;2014-10-10T12:32:47.000Z;3;"gmetais" [3233];"gmetais" [3242];rw-r--r--;2
. 2018-03-23 17:10:20.105 .bash_profile;-;176;2014-10-10T12:32:47.000Z;3;"gmetais" [3233];"gmetais" [3242];rw-r--r--;2
. 2018-03-23 17:10:20.105 quipo;d;0;2018-03-23T13:29:47.000Z;3;"gmetais" [3233];"gmetais" [3242];rwxrwxr-x;0
. 2018-03-23 17:10:20.105 .;d;0;2018-03-23T16:06:30.000Z;3;"gmetais" [3233];"gmetais" [3242];rwx------;0
. 2018-03-23 17:10:20.105 webresources;d;0;2018-03-07T09:40:58.000Z;3;"gmetais" [3233];"gmetais" [3242];rwxrwxr-x;0
. 2018-03-23 17:10:20.105 ..;d;0;2018-03-20T14:50:52.000Z;3;"root" [0];"root" [0];rwxr-xr-x;0
. 2018-03-23 17:10:20.105 mois_precedent;d;0;2018-03-09T16:41:54.000Z;3;"gmetais" [3233];"gmetais" [3242];rwxrwxr-x;0
. 2018-03-23 17:10:20.105 .Xauthority;-;1083;2018-03-23T16:06:30.000Z;3;"gmetais" [3233];"gmetais" [3242];rw-------;2
. 2018-03-23 17:10:20.105 semaine_courante;d;0;2018-03-09T16:42:02.000Z;3;"gmetais" [3233];"gmetais" [3242];rwxr-xr-x;0
. 2018-03-23 17:10:20.105 .bash_logout;-;18;2014-10-10T12:32:47.000Z;3;"gmetais" [3233];"gmetais" [3242];rw-r--r--;2
. 2018-03-23 17:10:20.105 .ssh;d;0;2016-10-19T14:57:31.000Z;3;"gmetais" [3233];"gmetais" [3242];rwxr-xr-x;2
. 2018-03-23 17:10:20.105 .bash_history;-;1254;2018-03-23T16:07:27.000Z;3;"gmetais" [3233];"gmetais" [3242];rw-------;2
. 2018-03-23 17:10:20.106 semaine_precedente;d;0;2018-03-09T16:42:42.000Z;3;"gmetais" [3233];"gmetais" [3242];rwxr-xr-x;0
. 2018-03-23 17:10:20.106 mois_courant;d;0;2018-03-09T16:41:43.000Z;3;"gmetais" [3233];"gmetais" [3242];rwxrwxr-x;0
< 2018-03-23 17:10:20.106 Script: -rw-r--r--   1 gmetais  gmetais        124 Oct 10 14:32:47 2014 .bashrc
< 2018-03-23 17:10:20.106 Script: -rw-r--r--   1 gmetais  gmetais        176 Oct 10 14:32:47 2014 .bash_profile
< 2018-03-23 17:10:20.107 Script: drwxrwxr-x   8 gmetais  gmetais       4096 Mar 23 14:29:47 2018 quipo
< 2018-03-23 17:10:20.110 Script: drwx------   9 gmetais  gmetais       4096 Mar 23 17:06:30 2018 .
< 2018-03-23 17:10:20.111 Script: drwxrwxr-x   2 gmetais  gmetais       4096 Mar  7 10:40:58 2018 webresources
< 2018-03-23 17:10:20.112 Script: drwxr-xr-x 218 root     root          4096 Mar 20 15:50:52 2018 ..
< 2018-03-23 17:10:20.113 Script: drwxrwxr-x   3 gmetais  gmetais       4096 Mar  9 17:41:54 2018 mois_precedent
< 2018-03-23 17:10:20.113 Script: -rw-------   1 gmetais  gmetais       1083 Mar 23 17:06:30 2018 .Xauthority
< 2018-03-23 17:10:20.114 Script: drwxr-xr-x   3 gmetais  gmetais       4096 Mar  9 17:42:02 2018 semaine_courante
< 2018-03-23 17:10:20.116 Script: -rw-r--r--   1 gmetais  gmetais         18 Oct 10 14:32:47 2014 .bash_logout
< 2018-03-23 17:10:20.117 Script: drwxr-xr-x   2 gmetais  gmetais       4096 Oct 19 16:57:31 2016 .ssh
< 2018-03-23 17:10:20.118 Script: -rw-------   1 gmetais  gmetais       1254 Mar 23 17:07:27 2018 .bash_history
< 2018-03-23 17:10:20.119 Script: drwxr-xr-x   3 gmetais  gmetais       4096 Mar  9 17:42:42 2018 semaine_precedente
< 2018-03-23 17:10:20.119 Script: drwxrwxr-x   3 gmetais  gmetais       4096 Mar  9 17:41:43 2018 mois_courant
> 2018-03-23 17:10:28.850 Script: call rm -r test 2>nul.tmp 
< 2018-03-23 17:10:28.850 Script: Recherche de l'hôte...
. 2018-03-23 17:10:28.851 [Shell] Looking up host "rebond.tlt" for SSH connection
. 2018-03-23 17:10:28.851 [Shell] Connecting to 10.34.52.28 port 22
. 2018-03-23 17:10:28.853 [Shell] We claim version: SSH-2.0-WinSCP_release_5.13
< 2018-03-23 17:10:28.853 Script: Connexion à l'hôte...
. 2018-03-23 17:10:28.860 [Shell] Server version: SSH-2.0-OpenSSH_5.3
. 2018-03-23 17:10:28.860 [Shell] We believe remote version has SSH-2 channel request bug
. 2018-03-23 17:10:28.860 [Shell] Using SSH protocol version 2
. 2018-03-23 17:10:28.860 [Shell] Have a known host key of type rsa2
. 2018-03-23 17:10:28.863 [Shell] Doing Diffie-Hellman group exchange
. 2018-03-23 17:10:28.866 [Shell] Doing Diffie-Hellman key exchange with hash SHA-256
. 2018-03-23 17:10:29.416 [Shell] Server also has ssh-dss host key, but we don't know it
. 2018-03-23 17:10:29.416 [Shell] Host key fingerprint is:
. 2018-03-23 17:10:29.416 [Shell] ssh-rsa 2048 0c:40:b4:7a:5c:ea:95:58:fc:7d:95:9c:3a:83:8b:d4 BnPkO62piI9OLsBDGbJ6qXTQiju9hrldbnQSVhgp2wI=
< 2018-03-23 17:10:29.416 Script: Authentification...
. 2018-03-23 17:10:29.417 [Shell] Host key matches cached key
. 2018-03-23 17:10:29.417 [Shell] Initialised AES-256 SDCTR client->server encryption
. 2018-03-23 17:10:29.417 [Shell] Initialised HMAC-SHA-256 client->server MAC algorithm
. 2018-03-23 17:10:29.417 [Shell] Initialised AES-256 SDCTR server->client encryption
. 2018-03-23 17:10:29.417 [Shell] Initialised HMAC-SHA-256 server->client MAC algorithm
! 2018-03-23 17:10:29.460 [Shell] Using username "gmetais".
< 2018-03-23 17:10:29.460 Script: Utilisation du nom d'utilisateur "gmetais".
. 2018-03-23 17:10:29.464 [Shell] Server offered these authentication methods: publickey,gssapi-keyex,gssapi-with-mic,password
. 2018-03-23 17:10:29.464 [Shell] Using SSPI from SECUR32.DLL
. 2018-03-23 17:10:29.464 [Shell] Attempting GSSAPI authentication
. 2018-03-23 17:10:29.467 [Shell] GSSAPI authentication request refused
. 2018-03-23 17:10:29.468 [Shell] Server offered these authentication methods: publickey,gssapi-keyex,gssapi-with-mic,password
. 2018-03-23 17:10:29.468 [Shell] Prompt (password, "SSH password", <no instructions>, "Mot de passe :")
. 2018-03-23 17:10:29.468 [Shell] Using stored password.
< 2018-03-23 17:10:29.468 Script: Authentification avec le mot de passe pré-entré.
. 2018-03-23 17:10:29.468 [Shell] Sent password
. 2018-03-23 17:10:29.484 [Shell] Access granted
. 2018-03-23 17:10:29.485 [Shell] Opening session as main channel
. 2018-03-23 17:10:29.489 [Shell] Opened main channel
. 2018-03-23 17:10:29.534 [Shell] Started a shell/command
< 2018-03-23 17:10:29.534 Script: Authentifié.
. 2018-03-23 17:10:29.535 [Shell] --------------------------------------------------------------------------
. 2018-03-23 17:10:29.535 [Shell] Using SCP protocol.
. 2018-03-23 17:10:29.535 [Shell] Doing startup conversation with host.
< 2018-03-23 17:10:29.535 Script: Démarrage de la session...
. 2018-03-23 17:10:29.540 [Shell] Skipping host startup message (if any).
> 2018-03-23 17:10:29.540 [Shell] echo "WinSCP: this is end-of-file:0"
< 2018-03-23 17:10:29.548 [Shell] WinSCP: this is end-of-file:0
. 2018-03-23 17:10:29.549 [Shell] Detecting variable containing return code of last command.
. 2018-03-23 17:10:29.549 [Shell] Trying "$status".
> 2018-03-23 17:10:29.549 [Shell] echo "$status" ; echo "WinSCP: this is end-of-file:0"
< 2018-03-23 17:10:29.551 [Shell] WinSCP: this is end-of-file:0
. 2018-03-23 17:10:29.551 [Shell] The response is not numerical exit code
. 2018-03-23 17:10:29.552 [Shell] Trying "$?".
> 2018-03-23 17:10:29.552 [Shell] echo "$?" ; echo "WinSCP: this is end-of-file:0"
< 2018-03-23 17:10:29.554 [Shell] 0
< 2018-03-23 17:10:29.554 [Shell] WinSCP: this is end-of-file:0
. 2018-03-23 17:10:29.554 [Shell] Return code variable "$?" selected.
> 2018-03-23 17:10:29.555 [Shell] printenv LANG ; echo "WinSCP: this is end-of-file:$?"
< 2018-03-23 17:10:29.557 [Shell] en_US.UTF-8
< 2018-03-23 17:10:29.557 [Shell] WinSCP: this is end-of-file:0
. 2018-03-23 17:10:29.557 [Shell] We will use UTF-8
. 2018-03-23 17:10:29.558 [Shell] Changing directory to "/home/gmetais".
> 2018-03-23 17:10:29.558 [Shell] cd "/home/gmetais" ; echo "WinSCP: this is end-of-file:$?"
< 2018-03-23 17:10:29.560 [Shell] WinSCP: this is end-of-file:0
. 2018-03-23 17:10:29.560 [Shell] Getting current directory name.
> 2018-03-23 17:10:29.560 [Shell] pwd ; echo "WinSCP: this is end-of-file:$?"
< 2018-03-23 17:10:29.562 [Shell] /home/gmetais
< 2018-03-23 17:10:29.563 [Shell] WinSCP: this is end-of-file:0
. 2018-03-23 17:10:29.563 [Shell] Startup conversation with host finished.
< 2018-03-23 17:10:29.563 Script: Session démarrée.
. 2018-03-23 17:10:29.564 Executing user defined command on command session.
> 2018-03-23 17:10:29.564 [Shell] rm -r test 2>nul.tmp  ; echo "WinSCP: this is end-of-file:$?"
< 2018-03-23 17:10:29.567 [Shell] WinSCP: this is end-of-file:1
> 2018-03-23 17:10:29.568 [Shell] pwd ; echo "WinSCP: this is end-of-file:$?"
< 2018-03-23 17:10:29.570 [Shell] /home/gmetais
< 2018-03-23 17:10:29.570 [Shell] WinSCP: this is end-of-file:0
. 2018-03-23 17:10:29.571 Cached directory change via "/home/gmetais" to "/home/gmetais".
. 2018-03-23 17:10:29.571 Getting current directory name.
. 2018-03-23 17:10:29.571 Getting current directory name.
> 2018-03-23 17:10:40.147 Script: mkdir test
. 2018-03-23 17:10:40.147 Creating directory "test".
. 2018-03-23 17:10:40.147 Canonifying: "test"
. 2018-03-23 17:10:40.147 Getting real path for '/home/gmetais/test'
> 2018-03-23 17:10:40.147 Type: SSH_FXP_REALPATH, Size: 27, Number: 1552
< 2018-03-23 17:10:40.147 Type: SSH_FXP_STATUS, Size: 24, Number: 1028
. 2018-03-23 17:10:40.147 Discarding reserved response
< 2018-03-23 17:10:40.149 Type: SSH_FXP_STATUS, Size: 29, Number: 1552
< 2018-03-23 17:10:40.149 Status code: 2, Message: 1552, Server: No such file, Language:  
. 2018-03-23 17:10:40.149 Getting real path for '/home/gmetais/'
> 2018-03-23 17:10:40.149 Type: SSH_FXP_REALPATH, Size: 23, Number: 1808
< 2018-03-23 17:10:40.151 Type: SSH_FXP_NAME, Size: 47, Number: 1808
. 2018-03-23 17:10:40.151 Real path is '/home/gmetais'
. 2018-03-23 17:10:40.151 Canonified: "/home/gmetais/test"
> 2018-03-23 17:10:40.151 Type: SSH_FXP_MKDIR, Size: 31, Number: 1294
< 2018-03-23 17:10:40.154 Type: SSH_FXP_STATUS, Size: 24, Number: 1294
< 2018-03-23 17:10:40.154 Status code: 0
> 2018-03-23 17:10:47.321 Script: put .\temp\*.* ./test/*.* 
. 2018-03-23 17:10:47.322 Copying 1 files/directories to remote directory "./test/" - total size: 90
. 2018-03-23 17:10:47.322   PrTime: Yes; PrRO: No; Rght: rw-r--r--; PrR: No (No); FnCs: N; RIC: 0100; Resume: S (102400); CalcS: No; Mask: *.*
. 2018-03-23 17:10:47.322   TM: B; ClAr: No; RemEOF: No; RemBOM: No; CPS: 0; NewerOnly: No; InclM: ; ResumeL: 0
. 2018-03-23 17:10:47.322   AscM: *.*html; *.htm; *.txt; *.php; *.php3; *.cgi; *.c; *.cpp; *.h; *.pas; *.bas; *.tex; *.pl; *.js; .htaccess; *.xtml; *.css; *.cfg; *.ini; *.sh; *.xml
. 2018-03-23 17:10:47.322 Getting real path for '/home/gmetais/./test/'
> 2018-03-23 17:10:47.322 Type: SSH_FXP_REALPATH, Size: 30, Number: 2064
< 2018-03-23 17:10:47.324 Type: SSH_FXP_NAME, Size: 57, Number: 2064
. 2018-03-23 17:10:47.324 Real path is '/home/gmetais/test'
. 2018-03-23 17:10:47.325 File: '.\temp\toto.txt' [2018-03-23T16:08:15.127Z] [90]
. 2018-03-23 17:10:47.325 Copying ".\temp\toto.txt" to remote directory started.
. 2018-03-23 17:10:47.325 Binary transfer mode selected.
. 2018-03-23 17:10:47.325 Opening remote file.
> 2018-03-23 17:10:47.325 Type: SSH_FXP_OPEN, Size: 52, Number: 2307
< 2018-03-23 17:10:47.327 Type: SSH_FXP_HANDLE, Size: 13, Number: 2307
> 2018-03-23 17:10:47.328 Type: SSH_FXP_WRITE, Size: 115, Number: 2822
> 2018-03-23 17:10:47.328 Type: SSH_FXP_CLOSE, Size: 13, Number: 3076
> 2018-03-23 17:10:47.328 Type: SSH_FXP_SETSTAT, Size: 48, Number: 2569
< 2018-03-23 17:10:47.330 Type: SSH_FXP_STATUS, Size: 24, Number: 2822
< 2018-03-23 17:10:47.330 Status code: 0
< 2018-03-23 17:10:47.331 Type: SSH_FXP_STATUS, Size: 24, Number: 3076
< 2018-03-23 17:10:47.331 Status code: 0
. 2018-03-23 17:10:47.331 Preserving timestamp [2018-03-23T16:08:15.000Z]
< 2018-03-23 17:10:47.331 Type: SSH_FXP_STATUS, Size: 24, Number: 2569
< 2018-03-23 17:10:47.331 Status code: 0
. 2018-03-23 17:10:47.332 Transfer done: '.\temp\toto.txt' => '/home/gmetais/test/toto.txt' [90]
. 2018-03-23 17:10:47.332 Copying finished: Transferred: 90, Elapsed: 0:00:00, CPS: 0/s
> 2018-03-23 17:10:53.625 Script: ls ./test
. 2018-03-23 17:10:53.626 Listing directory "/home/gmetais/test".
> 2018-03-23 17:10:53.626 Type: SSH_FXP_OPENDIR, Size: 27, Number: 3339
< 2018-03-23 17:10:53.627 Type: SSH_FXP_HANDLE, Size: 13, Number: 3339
> 2018-03-23 17:10:53.628 Type: SSH_FXP_READDIR, Size: 13, Number: 3596
< 2018-03-23 17:10:53.630 Type: SSH_FXP_NAME, Size: 319, Number: 3596
> 2018-03-23 17:10:53.630 Type: SSH_FXP_READDIR, Size: 13, Number: 3852
< 2018-03-23 17:10:53.632 Type: SSH_FXP_STATUS, Size: 28, Number: 3852
< 2018-03-23 17:10:53.632 Status code: 1
> 2018-03-23 17:10:53.632 Type: SSH_FXP_CLOSE, Size: 13, Number: 4100
. 2018-03-23 17:10:53.632 .;d;0;2018-03-23T16:10:39.000Z;3;"gmetais" [3233];"gmetais" [3242];rwxrwxr-x;0
. 2018-03-23 17:10:53.632 ..;d;0;2018-03-23T16:10:32.000Z;3;"gmetais" [3233];"gmetais" [3242];rwx------;0
. 2018-03-23 17:10:53.632 toto.txt;-;90;2018-03-23T16:08:15.000Z;3;"gmetais" [3233];"gmetais" [3242];rw-rw-r--;0
< 2018-03-23 17:10:53.632 Script: drwxrwxr-x   2 gmetais  gmetais       4096 Mar 23 17:10:39 2018 .
< 2018-03-23 17:10:53.632 Script: drwx------  10 gmetais  gmetais       4096 Mar 23 17:10:32 2018 ..
< 2018-03-23 17:10:53.634 Script: -rw-rw-r--   1 gmetais  gmetais         90 Mar 23 17:08:15 2018 toto.txt
> 2018-03-23 17:11:01.316 Script: cat test/toto.txt
< 2018-03-23 17:11:01.316 Script: Commande inconnue 'cat'.
. 2018-03-23 17:11:01.317 Script: Failed
> 2018-03-23 17:11:07.946 Script: call cat test/toto.txt
. 2018-03-23 17:11:07.946 Executing user defined command on command session.
> 2018-03-23 17:11:07.946 [Shell] cat test/toto.txt ; echo "WinSCP: this is end-of-file:$?"
< 2018-03-23 17:11:07.948 Script: RechercheMoyenVeilleSouci23-03-2018
< 2018-03-23 17:11:07.949 [Shell] RechercheMoyenVeilleSouci23-03-2018
< 2018-03-23 17:11:07.949 Script: PrixChairRireArt23-03-2018
< 2018-03-23 17:11:07.950 [Shell] PrixChairRireArt23-03-2018
< 2018-03-23 17:11:07.950 Script: PrixChairRireArt23-03-2018
< 2018-03-23 17:11:07.951 [Shell] PrixChairRireArt23-03-2018
< 2018-03-23 17:11:07.951 [Shell] WinSCP: this is end-of-file:0
> 2018-03-23 17:11:07.951 [Shell] pwd ; echo "WinSCP: this is end-of-file:$?"
< 2018-03-23 17:11:07.953 [Shell] /home/gmetais
< 2018-03-23 17:11:07.953 [Shell] WinSCP: this is end-of-file:0
. 2018-03-23 17:11:07.953 Cached directory change via "/home/gmetais" to "/home/gmetais".
. 2018-03-23 17:11:07.953 Getting current directory name.
. 2018-03-23 17:11:07.953 Getting current directory name.
> 2018-03-23 17:11:20.817 Script: call passwd <test/toto.txt 
. 2018-03-23 17:11:20.818 Executing user defined command on command session.
> 2018-03-23 17:11:20.818 [Shell] passwd <test/toto.txt  ; echo "WinSCP: this is end-of-file:$?"
< 2018-03-23 17:11:20.879 Script: Changing password for user gmetais.
< 2018-03-23 17:11:20.879 [Shell] Changing password for user gmetais.
< 2018-03-23 17:11:20.879 Script: Changing password for gmetais.
< 2018-03-23 17:11:20.881 [Shell] Changing password for gmetais.
< 2018-03-23 17:11:20.882 Script: passwd: all authentication tokens updated successfully.
< 2018-03-23 17:11:20.882 [Shell] passwd: all authentication tokens updated successfully.
< 2018-03-23 17:11:20.882 [Shell] WinSCP: this is end-of-file:0
! 2018-03-23 17:11:20.883 [Shell] (current) UNIX password: New password: Retype new password: 
> 2018-03-23 17:11:20.883 [Shell] pwd ; echo "WinSCP: this is end-of-file:$?"
< 2018-03-23 17:11:20.884 [Shell] /home/gmetais
< 2018-03-23 17:11:20.885 [Shell] WinSCP: this is end-of-file:0
. 2018-03-23 17:11:20.885 Cached directory change via "/home/gmetais" to "/home/gmetais".
. 2018-03-23 17:11:20.885 Getting current directory name.
. 2018-03-23 17:11:20.885 Getting current directory name.
> 2018-03-23 17:11:32.841 Script: call rm test/t*.txt 
. 2018-03-23 17:11:32.841 Executing user defined command on command session.
> 2018-03-23 17:11:32.841 [Shell] rm test/t*.txt  ; echo "WinSCP: this is end-of-file:$?"
< 2018-03-23 17:11:32.844 [Shell] WinSCP: this is end-of-file:0
> 2018-03-23 17:11:32.844 [Shell] pwd ; echo "WinSCP: this is end-of-file:$?"
< 2018-03-23 17:11:32.846 [Shell] /home/gmetais
< 2018-03-23 17:11:32.846 [Shell] WinSCP: this is end-of-file:0
. 2018-03-23 17:11:32.846 Cached directory change via "/home/gmetais" to "/home/gmetais".
. 2018-03-23 17:11:32.847 Getting current directory name.
. 2018-03-23 17:11:32.847 Getting current directory name.
> 2018-03-23 17:11:42.442 Script: call rmdir test
. 2018-03-23 17:11:42.442 Executing user defined command on command session.
> 2018-03-23 17:11:42.442 [Shell] rmdir test ; echo "WinSCP: this is end-of-file:$?"
< 2018-03-23 17:11:42.445 [Shell] WinSCP: this is end-of-file:0
> 2018-03-23 17:11:42.445 [Shell] pwd ; echo "WinSCP: this is end-of-file:$?"
< 2018-03-23 17:11:42.447 [Shell] /home/gmetais
< 2018-03-23 17:11:42.447 [Shell] WinSCP: this is end-of-file:0
. 2018-03-23 17:11:42.447 Cached directory change via "/home/gmetais" to "/home/gmetais".
. 2018-03-23 17:11:42.447 Getting current directory name.
. 2018-03-23 17:11:42.447 Getting current directory name.
> 2018-03-23 17:11:48.074 Script: call rm nul.tmp
. 2018-03-23 17:11:48.074 Executing user defined command on command session.
> 2018-03-23 17:11:48.074 [Shell] rm nul.tmp ; echo "WinSCP: this is end-of-file:$?"
< 2018-03-23 17:11:48.078 [Shell] WinSCP: this is end-of-file:0
> 2018-03-23 17:11:48.078 [Shell] pwd ; echo "WinSCP: this is end-of-file:$?"
< 2018-03-23 17:11:48.080 [Shell] /home/gmetais
< 2018-03-23 17:11:48.080 [Shell] WinSCP: this is end-of-file:0
. 2018-03-23 17:11:48.080 Cached directory change via "/home/gmetais" to "/home/gmetais".
. 2018-03-23 17:11:48.080 Getting current directory name.
. 2018-03-23 17:11:48.080 Getting current directory name.
> 2018-03-23 17:11:54.841 Script: exit 
. 2018-03-23 17:11:54.841 Script: Exit code: 1
. 2018-03-23 17:11:54.841 Closing connection.
. 2018-03-23 17:11:54.841 Sending special code: 12
. 2018-03-23 17:11:54.842 Sent EOF message
. 2018-03-23 17:11:54.842 [Shell] Closing connection.
. 2018-03-23 17:11:54.842 [Shell] Sending special code: 12
. 2018-03-23 17:11:54.842 [Shell] Sent EOF message
